<?xml version="1.0" encoding="UTF-8"?>
<!-- Generated by org.testng.reporters.JUnitXMLReporter -->
<testsuite hostname="DESKTOP-9DI402V" ignored="1" name="Default test" tests="3" failures="0" timestamp="2022-03-10T13:37:47 IST" time="37.358" errors="0">
  <testcase name="navigate" time="0.336" classname="DemoAccount.shadow2"/>
  <testcase name="navigate1" time="3.382" classname="DemoAccount.shadow2"/>
  <testcase name="register" time="21.199" classname="DemoAccount.shadow2"/>
  <testcase name="login" time="0.0" classname="DemoAccount.shadow2">
    <ignored/>
  </testcase> <!-- login -->
</testsuite> <!-- Default test -->
