<?xml version="1.0" encoding="UTF-8"?>
<testng-results skipped="0" failed="0" ignored="1" total="4" passed="3">
  <reporter-output>
  </reporter-output>
  <suite name="Default suite" duration-ms="37358" started-at="2022-03-10T13:37:10 IST" finished-at="2022-03-10T13:37:47 IST">
    <groups>
    </groups>
    <test name="Default test" duration-ms="37358" started-at="2022-03-10T13:37:10 IST" finished-at="2022-03-10T13:37:47 IST">
      <class name="DemoAccount.shadow2">
        <test-method status="PASS" signature="BT()[pri:0, instance:DemoAccount.shadow2@1af5db5]" name="BT" is-config="true" duration-ms="12380" started-at="2022-03-10T13:37:10 IST" finished-at="2022-03-10T13:37:22 IST">
          <reporter-output>
          </reporter-output>
        </test-method> <!-- BT -->
        <test-method status="PASS" signature="navigate()[pri:1, instance:DemoAccount.shadow2@1af5db5]" name="navigate" duration-ms="336" started-at="2022-03-10T13:37:22 IST" finished-at="2022-03-10T13:37:22 IST">
          <reporter-output>
          </reporter-output>
        </test-method> <!-- navigate -->
        <test-method status="PASS" signature="navigate1()[pri:2, instance:DemoAccount.shadow2@1af5db5]" name="navigate1" duration-ms="3382" started-at="2022-03-10T13:37:22 IST" finished-at="2022-03-10T13:37:26 IST">
          <reporter-output>
          </reporter-output>
        </test-method> <!-- navigate1 -->
        <test-method status="PASS" signature="register()[pri:3, instance:DemoAccount.shadow2@1af5db5]" name="register" duration-ms="21199" started-at="2022-03-10T13:37:26 IST" finished-at="2022-03-10T13:37:47 IST">
          <reporter-output>
          </reporter-output>
        </test-method> <!-- register -->
      </class> <!-- DemoAccount.shadow2 -->
    </test> <!-- Default test -->
  </suite> <!-- Default suite -->
</testng-results>
